2025-11-23 21:53:00 | DEBUG | repo=Image-Galery | action=pull
2025-11-06 13:56:00 | INFO | repo=Image-Galery | action=commit
2025-03-24 15:09:00 | DEBUG | repo=Image-Galery | action=test | passed=true
2025-11-20 17:27:00 | WARN | repo=Image-Galery | action=commit
2025-01-02 15:42:00 | INFO | repo=Image-Galery | action=commit
2025-09-05 20:19:00 | WARN | repo=Image-Galery | action=test | passed=true
2025-05-14 19:27:00 | INFO | repo=Image-Galery | action=commit
2025-09-04 07:50:00 | INFO | repo=Image-Galery | action=edit | files=1
2025-01-18 14:45:00 | WARN | repo=Image-Galery | action=commit
2025-01-27 13:21:00 | INFO | repo=Image-Galery | action=commit
2025-04-26 08:22:00 | WARN | repo=Image-Galery | action=commit
2025-10-15 12:55:00 | INFO | repo=Image-Galery | action=pull
2025-04-27 07:01:00 | INFO | repo=Image-Galery | action=commit
2025-01-26 19:04:00 | DEBUG | repo=Image-Galery | action=commit
2025-03-22 18:27:00 | WARN | repo=Image-Galery | action=pull
2025-07-22 17:21:00 | DEBUG | repo=Image-Galery | action=test | passed=true
2025-04-26 12:07:00 | WARN | repo=Image-Galery | action=commit
2025-12-14 13:49:00 | WARN | repo=Image-Galery | action=edit | files=3
2025-08-02 21:22:00 | DEBUG | repo=Image-Galery | action=test | passed=true
2025-04-06 08:07:00 | INFO | repo=Image-Galery | action=commit
2025-04-25 21:34:00 | WARN | repo=Image-Galery | action=pull
2025-07-27 21:39:00 | INFO | repo=Image-Galery | action=commit
2025-08-12 18:08:00 | WARN | repo=Image-Galery | action=commit
2025-05-08 07:15:00 | DEBUG | repo=Image-Galery | action=commit
2025-09-08 09:50:00 | INFO | repo=Image-Galery | action=commit
2025-09-15 07:48:00 | DEBUG | repo=Image-Galery | action=commit
2025-06-22 17:33:00 | DEBUG | repo=Image-Galery | action=edit | files=2
2025-01-24 08:02:00 | DEBUG | repo=Image-Galery | action=commit
2025-10-01 10:44:00 | WARN | repo=Image-Galery | action=commit
2025-02-27 20:40:00 | DEBUG | repo=Image-Galery | action=test | passed=true
2025-07-20 13:04:00 | DEBUG | repo=Image-Galery | action=commit
2025-12-03 08:31:00 | INFO | repo=Image-Galery | action=commit
2025-05-08 14:15:00 | DEBUG | repo=Image-Galery | action=commit
2025-04-16 08:02:00 | INFO | repo=Image-Galery | action=commit
2025-05-05 12:28:00 | WARN | repo=Image-Galery | action=commit
2025-10-21 17:12:00 | DEBUG | repo=Image-Galery | action=commit
2025-02-23 07:31:00 | INFO | repo=Image-Galery | action=commit
2025-07-22 21:09:00 | WARN | repo=Image-Galery | action=edit | files=2
2025-09-25 19:11:00 | INFO | repo=Image-Galery | action=commit
2025-05-28 09:38:00 | INFO | repo=Image-Galery | action=commit
2025-10-06 16:14:00 | DEBUG | repo=Image-Galery | action=commit
2025-05-01 08:26:00 | DEBUG | repo=Image-Galery | action=commit
2025-02-17 07:22:00 | WARN | repo=Image-Galery | action=edit | files=5
2025-12-26 18:16:00 | INFO | repo=Image-Galery | action=commit
2025-05-18 17:29:00 | INFO | repo=Image-Galery | action=pull
2025-06-06 21:18:00 | INFO | repo=Image-Galery | action=pull
2025-05-26 21:16:00 | DEBUG | repo=Image-Galery | action=edit | files=1
2025-12-20 09:20:00 | DEBUG | repo=Image-Galery | action=commit
2025-08-17 16:44:00 | WARN | repo=Image-Galery | action=edit | files=5
2025-10-07 21:59:00 | INFO | repo=Image-Galery | action=pull
2025-10-23 17:36:00 | DEBUG | repo=Image-Galery | action=test | passed=true
2025-08-08 13:56:00 | WARN | repo=Image-Galery | action=commit
2025-02-15 08:49:00 | INFO | repo=Image-Galery | action=edit | files=5
2025-09-24 13:17:00 | WARN | repo=Image-Galery | action=commit
2025-03-04 21:16:00 | WARN | repo=Image-Galery | action=commit
2025-06-25 21:15:00 | INFO | repo=Image-Galery | action=commit
2025-02-09 17:28:00 | DEBUG | repo=Image-Galery | action=commit
2025-08-21 14:07:00 | DEBUG | repo=Image-Galery | action=test | passed=true
2025-01-17 18:14:00 | WARN | repo=Image-Galery | action=commit
2025-03-01 11:29:00 | INFO | repo=Image-Galery | action=commit
2025-04-10 13:18:00 | INFO | repo=Image-Galery | action=commit
2025-04-04 14:40:00 | DEBUG | repo=Image-Galery | action=commit
2025-02-13 21:58:00 | INFO | repo=Image-Galery | action=edit | files=4
2025-03-23 14:12:00 | INFO | repo=Image-Galery | action=commit
2025-05-22 07:47:00 | DEBUG | repo=Image-Galery | action=commit
2025-09-15 15:09:00 | DEBUG | repo=Image-Galery | action=commit
2025-12-17 18:19:00 | INFO | repo=Image-Galery | action=commit
2025-07-09 20:54:00 | INFO | repo=Image-Galery | action=commit
2025-09-09 19:19:00 | WARN | repo=Image-Galery | action=test | passed=true
2025-01-18 12:44:00 | WARN | repo=Image-Galery | action=test | passed=true
2025-11-01 12:49:00 | INFO | repo=Image-Galery | action=edit | files=3
2025-04-17 07:01:00 | WARN | repo=Image-Galery | action=commit
2025-03-10 15:03:00 | DEBUG | repo=Image-Galery | action=commit
2025-04-09 18:47:00 | WARN | repo=Image-Galery | action=commit
2025-08-19 13:06:00 | INFO | repo=Image-Galery | action=commit
2025-01-19 15:23:00 | INFO | repo=Image-Galery | action=commit
2025-08-06 15:52:00 | WARN | repo=Image-Galery | action=commit
2025-10-02 11:18:00 | WARN | repo=Image-Galery | action=commit
2025-11-17 09:16:00 | DEBUG | repo=Image-Galery | action=pull
2025-05-24 14:29:00 | DEBUG | repo=Image-Galery | action=test | passed=true
2025-01-25 09:55:00 | DEBUG | repo=Image-Galery | action=commit
2025-07-22 07:44:00 | INFO | repo=Image-Galery | action=pull
2025-10-07 08:35:00 | DEBUG | repo=Image-Galery | action=commit
2025-04-15 09:34:00 | DEBUG | repo=Image-Galery | action=commit
2025-12-02 07:47:00 | DEBUG | repo=Image-Galery | action=commit
2025-04-28 19:13:00 | WARN | repo=Image-Galery | action=commit
2025-07-16 09:02:00 | WARN | repo=Image-Galery | action=test | passed=true
2025-08-28 09:29:00 | WARN | repo=Image-Galery | action=pull
2025-07-26 10:29:00 | DEBUG | repo=Image-Galery | action=pull
2025-11-01 12:36:00 | DEBUG | repo=Image-Galery | action=commit
2025-07-12 18:12:00 | DEBUG | repo=Image-Galery | action=commit
2025-08-12 13:55:00 | INFO | repo=Image-Galery | action=commit
2025-12-23 14:00:00 | DEBUG | repo=Image-Galery | action=commit
2025-03-27 08:45:00 | WARN | repo=Image-Galery | action=commit
2025-09-27 12:38:00 | DEBUG | repo=Image-Galery | action=commit
2025-02-04 14:49:00 | WARN | repo=Image-Galery | action=pull
2025-06-04 21:13:00 | DEBUG | repo=Image-Galery | action=test | passed=true
2025-02-17 18:38:00 | INFO | repo=Image-Galery | action=pull
2025-09-23 19:27:00 | DEBUG | repo=Image-Galery | action=test | passed=true
2025-04-05 14:47:00 | DEBUG | repo=Image-Galery | action=commit
2025-02-13 18:57:00 | INFO | repo=Image-Galery | action=commit
2025-08-12 20:30:00 | INFO | repo=Image-Galery | action=commit
2025-01-23 20:19:00 | INFO | repo=Image-Galery | action=commit
2025-09-25 11:07:00 | DEBUG | repo=Image-Galery | action=test | passed=true
2025-10-03 11:26:00 | WARN | repo=Image-Galery | action=test | passed=true
2025-11-19 18:48:00 | DEBUG | repo=Image-Galery | action=commit
2025-09-12 07:09:00 | INFO | repo=Image-Galery | action=commit
2025-08-18 08:09:00 | WARN | repo=Image-Galery | action=pull
2025-08-03 08:20:00 | INFO | repo=Image-Galery | action=commit
2025-01-28 08:39:00 | WARN | repo=Image-Galery | action=commit
2025-04-13 20:45:00 | INFO | repo=Image-Galery | action=commit
2025-03-27 18:30:00 | DEBUG | repo=Image-Galery | action=commit
2025-12-07 07:34:00 | WARN | repo=Image-Galery | action=commit
2025-10-23 21:27:00 | WARN | repo=Image-Galery | action=edit | files=3
2025-05-19 09:05:00 | INFO | repo=Image-Galery | action=commit
2025-09-22 19:08:00 | WARN | repo=Image-Galery | action=pull
2025-12-14 14:09:00 | WARN | repo=Image-Galery | action=commit
2025-03-13 18:28:00 | DEBUG | repo=Image-Galery | action=pull
2025-03-23 18:13:00 | WARN | repo=Image-Galery | action=commit
2025-02-12 20:16:00 | DEBUG | repo=Image-Galery | action=commit
2026-05-20 20:30:00 | WARN | repo=Image-Galery | action=test | passed=true
2026-06-28 18:07:00 | INFO | repo=Image-Galery | action=edit | files=4
2026-10-14 08:27:00 | DEBUG | repo=Image-Galery | action=commit
2026-03-23 10:30:00 | INFO | repo=Image-Galery | action=commit
2026-01-14 11:18:00 | INFO | repo=Image-Galery | action=pull
2026-01-01 09:23:00 | INFO | repo=Image-Galery | action=commit
2026-07-18 09:38:00 | INFO | repo=Image-Galery | action=edit | files=4
2026-06-01 11:17:00 | WARN | repo=Image-Galery | action=edit | files=2
2026-04-01 14:30:00 | INFO | repo=Image-Galery | action=commit
2026-01-05 16:56:00 | INFO | repo=Image-Galery | action=commit
2026-05-05 16:51:00 | WARN | repo=Image-Galery | action=commit
2026-07-22 14:17:00 | WARN | repo=Image-Galery | action=commit
2026-04-01 19:31:00 | INFO | repo=Image-Galery | action=commit
2025-06-20 21:16:00 | WARN | repo=Image-Galery | action=edit | files=4
2025-11-10 07:15:00 | INFO | repo=Image-Galery | action=test | passed=true
2025-05-20 12:23:00 | DEBUG | repo=Image-Galery | action=commit
2025-05-15 16:23:00 | DEBUG | repo=Image-Galery | action=commit
2025-02-28 14:53:00 | INFO | repo=Image-Galery | action=commit
2025-02-07 11:07:00 | WARN | repo=Image-Galery | action=commit
2025-07-21 13:26:00 | DEBUG | repo=Image-Galery | action=commit
2025-02-13 11:26:00 | DEBUG | repo=Image-Galery | action=commit
2025-12-17 09:23:00 | WARN | repo=Image-Galery | action=commit
2025-08-08 18:50:00 | DEBUG | repo=Image-Galery | action=commit
2025-02-21 21:51:00 | INFO | repo=Image-Galery | action=commit
2025-06-22 11:21:00 | DEBUG | repo=Image-Galery | action=edit | files=5
2025-11-15 14:50:00 | DEBUG | repo=Image-Galery | action=commit
2025-01-27 08:30:00 | INFO | repo=Image-Galery | action=commit
2025-01-26 14:37:00 | INFO | repo=Image-Galery | action=commit
2025-05-08 19:23:00 | WARN | repo=Image-Galery | action=commit
2025-10-18 13:02:00 | INFO | repo=Image-Galery | action=commit
2025-03-26 18:40:00 | WARN | repo=Image-Galery | action=commit
2025-04-22 16:01:00 | INFO | repo=Image-Galery | action=commit
2025-03-10 16:06:00 | INFO | repo=Image-Galery | action=commit
2025-05-07 08:41:00 | DEBUG | repo=Image-Galery | action=commit
2025-11-12 16:21:00 | DEBUG | repo=Image-Galery | action=commit
2025-02-23 15:01:00 | WARN | repo=Image-Galery | action=commit
2025-11-25 08:22:00 | WARN | repo=Image-Galery | action=edit | files=2
2025-02-02 20:54:00 | INFO | repo=Image-Galery | action=commit
2025-06-08 20:24:00 | INFO | repo=Image-Galery | action=commit
2025-09-19 11:02:00 | WARN | repo=Image-Galery | action=commit
2025-04-24 11:54:00 | DEBUG | repo=Image-Galery | action=commit
2025-12-21 07:48:00 | INFO | repo=Image-Galery | action=commit
2025-05-26 21:34:00 | WARN | repo=Image-Galery | action=commit
2025-03-13 13:49:00 | WARN | repo=Image-Galery | action=pull
2025-07-24 08:45:00 | INFO | repo=Image-Galery | action=test | passed=true
2025-10-05 18:52:00 | DEBUG | repo=Image-Galery | action=commit
2025-05-09 09:38:00 | DEBUG | repo=Image-Galery | action=edit | files=2
2025-08-01 18:31:00 | DEBUG | repo=Image-Galery | action=commit
2025-08-11 21:43:00 | WARN | repo=Image-Galery | action=commit
2025-12-23 13:42:00 | INFO | repo=Image-Galery | action=commit
2025-05-18 19:25:00 | WARN | repo=Image-Galery | action=commit
2025-07-19 10:38:00 | WARN | repo=Image-Galery | action=commit
2025-02-10 07:09:00 | WARN | repo=Image-Galery | action=edit | files=4
2025-04-28 08:38:00 | WARN | repo=Image-Galery | action=pull
2025-04-11 17:23:00 | DEBUG | repo=Image-Galery | action=pull
2025-10-13 20:25:00 | INFO | repo=Image-Galery | action=commit
2025-02-04 16:41:00 | WARN | repo=Image-Galery | action=commit
2025-04-22 19:10:00 | WARN | repo=Image-Galery | action=test | passed=true
2025-07-16 13:20:00 | INFO | repo=Image-Galery | action=commit
2025-03-22 18:05:00 | WARN | repo=Image-Galery | action=pull
2025-12-24 09:03:00 | WARN | repo=Image-Galery | action=commit
2025-01-14 10:17:00 | INFO | repo=Image-Galery | action=pull
2025-05-14 11:55:00 | INFO | repo=Image-Galery | action=commit
2025-02-26 07:55:00 | WARN | repo=Image-Galery | action=edit | files=5
2025-08-25 12:41:00 | WARN | repo=Image-Galery | action=commit
2025-04-22 13:43:00 | DEBUG | repo=Image-Galery | action=commit
2025-08-02 19:31:00 | INFO | repo=Image-Galery | action=edit | files=2
2025-12-20 17:47:00 | INFO | repo=Image-Galery | action=test | passed=true
2025-02-03 11:14:00 | WARN | repo=Image-Galery | action=commit
2025-04-04 21:10:00 | WARN | repo=Image-Galery | action=pull
2025-05-04 20:39:00 | DEBUG | repo=Image-Galery | action=commit
2025-08-19 16:31:00 | WARN | repo=Image-Galery | action=pull
2025-07-05 12:40:00 | INFO | repo=Image-Galery | action=pull
2025-10-25 12:02:00 | INFO | repo=Image-Galery | action=edit | files=4
2025-12-06 12:32:00 | DEBUG | repo=Image-Galery | action=pull
2025-08-08 12:42:00 | DEBUG | repo=Image-Galery | action=pull
2025-09-04 17:40:00 | WARN | repo=Image-Galery | action=commit
2025-06-19 08:54:00 | INFO | repo=Image-Galery | action=commit
2025-02-17 08:18:00 | INFO | repo=Image-Galery | action=commit
2025-04-13 08:11:00 | INFO | repo=Image-Galery | action=pull
2025-06-13 12:03:00 | INFO | repo=Image-Galery | action=commit
2025-05-26 08:36:00 | DEBUG | repo=Image-Galery | action=commit
2025-04-08 20:31:00 | DEBUG | repo=Image-Galery | action=edit | files=1
2025-05-01 21:41:00 | INFO | repo=Image-Galery | action=commit
2025-06-06 21:26:00 | DEBUG | repo=Image-Galery | action=commit
2025-11-15 15:37:00 | DEBUG | repo=Image-Galery | action=commit
2025-12-06 07:52:00 | DEBUG | repo=Image-Galery | action=commit
2025-05-26 18:36:00 | DEBUG | repo=Image-Galery | action=commit
2024-12-09 18:37:00 | INFO | repo=Image-Galery | action=commit
2025-03-24 16:25:00 | WARN | repo=Image-Galery | action=pull
2024-03-26 20:31:00 | WARN | repo=Image-Galery | action=commit
2024-08-07 13:46:00 | DEBUG | repo=Image-Galery | action=commit
2024-01-27 11:19:00 | DEBUG | repo=Image-Galery | action=edit | files=4
2025-12-06 20:09:00 | INFO | repo=Image-Galery | action=edit | files=5
2025-09-04 21:34:00 | INFO | repo=Image-Galery | action=commit
2025-03-01 21:02:00 | DEBUG | repo=Image-Galery | action=commit
2025-04-08 12:01:00 | WARN | repo=Image-Galery | action=commit
2025-11-23 08:02:00 | WARN | repo=Image-Galery | action=commit
2024-11-01 07:09:00 | WARN | repo=Image-Galery | action=edit | files=2
2024-06-07 12:03:00 | WARN | repo=Image-Galery | action=commit
2025-09-20 20:40:00 | INFO | repo=Image-Galery | action=commit
2024-12-23 19:25:00 | WARN | repo=Image-Galery | action=commit
2025-03-15 21:15:00 | WARN | repo=Image-Galery | action=commit
2024-12-17 11:54:00 | DEBUG | repo=Image-Galery | action=commit
2025-01-01 13:54:00 | WARN | repo=Image-Galery | action=commit
2024-01-26 20:02:00 | DEBUG | repo=Image-Galery | action=pull
2025-03-11 08:57:00 | INFO | repo=Image-Galery | action=commit
2024-12-01 19:40:00 | DEBUG | repo=Image-Galery | action=commit
2024-09-20 07:57:00 | WARN | repo=Image-Galery | action=commit
2025-05-02 18:22:00 | DEBUG | repo=Image-Galery | action=edit | files=4
2025-06-17 14:01:00 | DEBUG | repo=Image-Galery | action=test | passed=true
2025-04-27 14:25:00 | WARN | repo=Image-Galery | action=commit
2024-12-12 19:34:00 | WARN | repo=Image-Galery | action=commit
2025-01-07 09:08:00 | INFO | repo=Image-Galery | action=commit
2024-08-19 14:53:00 | INFO | repo=Image-Galery | action=edit | files=2
2025-05-23 21:23:00 | WARN | repo=Image-Galery | action=commit
2024-09-05 19:07:00 | DEBUG | repo=Image-Galery | action=commit
2024-05-24 09:58:00 | WARN | repo=Image-Galery | action=test | passed=true
2024-03-01 07:34:00 | DEBUG | repo=Image-Galery | action=commit
2025-11-22 19:02:00 | INFO | repo=Image-Galery | action=commit
2024-08-25 19:34:00 | WARN | repo=Image-Galery | action=commit
2025-02-18 11:58:00 | INFO | repo=Image-Galery | action=commit
2024-02-17 13:06:00 | DEBUG | repo=Image-Galery | action=edit | files=5
2024-09-21 10:03:00 | WARN | repo=Image-Galery | action=commit
2025-12-20 12:38:00 | DEBUG | repo=Image-Galery | action=commit
2025-06-11 15:05:00 | WARN | repo=Image-Galery | action=test | passed=true
2025-06-18 19:44:00 | WARN | repo=Image-Galery | action=edit | files=1
2024-12-28 21:47:00 | WARN | repo=Image-Galery | action=edit | files=4
2024-07-24 20:01:00 | INFO | repo=Image-Galery | action=commit
2024-08-05 10:09:00 | WARN | repo=Image-Galery | action=commit
2024-12-11 14:35:00 | WARN | repo=Image-Galery | action=pull
2024-11-08 12:14:00 | WARN | repo=Image-Galery | action=pull
2025-05-05 21:24:00 | INFO | repo=Image-Galery | action=edit | files=4
2024-02-10 07:02:00 | WARN | repo=Image-Galery | action=edit | files=3
2024-03-02 15:11:00 | DEBUG | repo=Image-Galery | action=edit | files=4
2025-01-02 10:18:00 | INFO | repo=Image-Galery | action=test | passed=true
2025-11-05 09:42:00 | INFO | repo=Image-Galery | action=pull
2025-08-02 09:44:00 | DEBUG | repo=Image-Galery | action=commit
2025-10-01 07:48:00 | DEBUG | repo=Image-Galery | action=pull
2024-01-24 18:01:00 | WARN | repo=Image-Galery | action=commit
2024-09-25 07:11:00 | DEBUG | repo=Image-Galery | action=test | passed=true
2025-05-24 11:23:00 | INFO | repo=Image-Galery | action=pull
2024-12-18 17:39:00 | DEBUG | repo=Image-Galery | action=edit | files=3
2025-08-27 09:16:00 | INFO | repo=Image-Galery | action=pull
2025-03-15 10:42:00 | WARN | repo=Image-Galery | action=pull
2024-07-07 09:40:00 | INFO | repo=Image-Galery | action=commit
2025-02-13 19:10:00 | DEBUG | repo=Image-Galery | action=commit
2025-06-06 10:06:00 | WARN | repo=Image-Galery | action=test | passed=true
2025-06-22 07:54:00 | WARN | repo=Image-Galery | action=pull
2025-03-07 07:10:00 | INFO | repo=Image-Galery | action=commit
2025-04-28 16:04:00 | DEBUG | repo=Image-Galery | action=test | passed=true
2025-01-27 19:34:00 | INFO | repo=Image-Galery | action=pull
2025-03-05 21:37:00 | DEBUG | repo=Image-Galery | action=pull
2025-12-08 10:43:00 | WARN | repo=Image-Galery | action=commit
2025-11-03 10:19:00 | DEBUG | repo=Image-Galery | action=commit
2025-06-12 13:53:00 | DEBUG | repo=Image-Galery | action=commit
2025-10-27 10:20:00 | INFO | repo=Image-Galery | action=edit | files=4
2025-11-10 14:08:00 | INFO | repo=Image-Galery | action=commit
2025-11-12 08:26:00 | DEBUG | repo=Image-Galery | action=test | passed=true
2025-11-26 14:13:00 | DEBUG | repo=Image-Galery | action=commit
2025-02-04 07:19:00 | WARN | repo=Image-Galery | action=commit
2025-12-16 07:55:00 | INFO | repo=Image-Galery | action=commit
2025-01-12 13:32:00 | DEBUG | repo=Image-Galery | action=commit
2025-04-14 19:52:00 | DEBUG | repo=Image-Galery | action=commit
2025-05-12 21:37:00 | DEBUG | repo=Image-Galery | action=commit
2025-11-08 16:24:00 | DEBUG | repo=Image-Galery | action=test | passed=true
2025-01-22 15:19:00 | INFO | repo=Image-Galery | action=commit
2025-01-28 09:36:00 | WARN | repo=Image-Galery | action=commit
2025-07-16 08:50:00 | WARN | repo=Image-Galery | action=commit
2025-05-07 14:03:00 | WARN | repo=Image-Galery | action=test | passed=true
2025-12-26 20:48:00 | INFO | repo=Image-Galery | action=commit
2025-04-18 16:43:00 | INFO | repo=Image-Galery | action=commit
2025-10-27 07:38:00 | DEBUG | repo=Image-Galery | action=commit
2025-01-16 08:38:00 | WARN | repo=Image-Galery | action=commit
2025-11-26 16:38:00 | DEBUG | repo=Image-Galery | action=pull
2025-09-26 14:20:00 | DEBUG | repo=Image-Galery | action=commit
2025-01-03 21:09:00 | INFO | repo=Image-Galery | action=test | passed=true
2025-07-13 10:28:00 | INFO | repo=Image-Galery | action=commit
2025-08-20 12:43:00 | DEBUG | repo=Image-Galery | action=commit
2025-11-02 18:27:00 | WARN | repo=Image-Galery | action=commit
2025-01-27 11:08:00 | DEBUG | repo=Image-Galery | action=test | passed=true
2025-09-20 13:38:00 | WARN | repo=Image-Galery | action=test | passed=true
2025-06-13 13:50:00 | WARN | repo=Image-Galery | action=commit
2025-05-15 07:53:00 | DEBUG | repo=Image-Galery | action=commit
2025-02-06 14:17:00 | WARN | repo=Image-Galery | action=commit
2025-03-11 08:34:00 | WARN | repo=Image-Galery | action=commit
2025-09-16 20:24:00 | DEBUG | repo=Image-Galery | action=commit
2025-01-08 09:08:00 | INFO | repo=Image-Galery | action=commit
2025-02-20 19:00:00 | DEBUG | repo=Image-Galery | action=commit
2025-06-05 18:14:00 | DEBUG | repo=Image-Galery | action=commit
2025-03-24 11:04:00 | DEBUG | repo=Image-Galery | action=pull
2025-06-03 09:13:00 | WARN | repo=Image-Galery | action=commit
2025-04-18 16:10:00 | DEBUG | repo=Image-Galery | action=commit
2025-10-21 11:29:00 | INFO | repo=Image-Galery | action=commit
2025-11-23 08:01:00 | WARN | repo=Image-Galery | action=test | passed=true
2025-01-18 20:10:00 | DEBUG | repo=Image-Galery | action=commit
2025-04-04 15:29:00 | INFO | repo=Image-Galery | action=edit | files=2
2025-05-23 19:06:00 | INFO | repo=Image-Galery | action=commit
2025-05-14 19:53:00 | WARN | repo=Image-Galery | action=test | passed=true
2025-08-22 15:09:00 | DEBUG | repo=Image-Galery | action=commit
2025-04-09 08:12:00 | INFO | repo=Image-Galery | action=edit | files=2
2025-04-21 21:00:00 | INFO | repo=Image-Galery | action=test | passed=true
2025-08-21 18:05:00 | INFO | repo=Image-Galery | action=commit
2025-12-27 14:07:00 | INFO | repo=Image-Galery | action=test | passed=true
2025-10-02 07:09:00 | WARN | repo=Image-Galery | action=edit | files=3
2025-03-09 13:42:00 | WARN | repo=Image-Galery | action=commit
2025-08-21 09:54:00 | DEBUG | repo=Image-Galery | action=commit
2025-07-03 13:35:00 | INFO | repo=Image-Galery | action=commit
2025-10-12 12:06:00 | WARN | repo=Image-Galery | action=pull
2025-06-24 15:17:00 | WARN | repo=Image-Galery | action=pull
2025-04-02 10:07:00 | INFO | repo=Image-Galery | action=commit
2025-12-25 16:53:00 | INFO | repo=Image-Galery | action=commit
2025-09-22 08:17:00 | INFO | repo=Image-Galery | action=commit
2025-04-14 08:39:00 | INFO | repo=Image-Galery | action=edit | files=1
2025-01-18 10:25:00 | DEBUG | repo=Image-Galery | action=test | passed=true
2025-02-12 12:42:00 | WARN | repo=Image-Galery | action=commit
2025-01-12 21:55:00 | DEBUG | repo=Image-Galery | action=commit
2025-04-23 08:48:00 | DEBUG | repo=Image-Galery | action=commit
2025-07-07 07:12:00 | DEBUG | repo=Image-Galery | action=test | passed=true
2025-11-02 13:44:00 | DEBUG | repo=Image-Galery | action=commit
2025-07-25 15:48:00 | DEBUG | repo=Image-Galery | action=commit
2025-01-22 07:56:00 | INFO | repo=Image-Galery | action=commit
2025-04-25 18:24:00 | WARN | repo=Image-Galery | action=commit
2025-11-28 16:08:00 | DEBUG | repo=Image-Galery | action=commit
2025-01-01 12:56:00 | WARN | repo=Image-Galery | action=commit
2025-08-12 13:50:00 | WARN | repo=Image-Galery | action=commit
2025-03-13 11:02:00 | INFO | repo=Image-Galery | action=commit
2025-02-26 07:20:00 | WARN | repo=Image-Galery | action=test | passed=true
2025-04-26 20:24:00 | DEBUG | repo=Image-Galery | action=commit
2025-08-08 10:50:00 | WARN | repo=Image-Galery | action=commit
2025-11-11 21:09:00 | DEBUG | repo=Image-Galery | action=commit
2025-12-15 07:39:00 | INFO | repo=Image-Galery | action=edit | files=4
2025-12-24 17:45:00 | WARN | repo=Image-Galery | action=pull
2025-05-16 12:35:00 | WARN | repo=Image-Galery | action=pull
2025-05-09 16:02:00 | INFO | repo=Image-Galery | action=commit
2025-04-01 14:44:00 | DEBUG | repo=Image-Galery | action=edit | files=4
2025-04-23 20:43:00 | INFO | repo=Image-Galery | action=test | passed=true
2025-08-01 09:12:00 | DEBUG | repo=Image-Galery | action=commit
2025-05-14 20:03:00 | INFO | repo=Image-Galery | action=commit
2025-04-17 12:16:00 | DEBUG | repo=Image-Galery | action=commit
2025-06-11 21:29:00 | INFO | repo=Image-Galery | action=edit | files=3
2025-03-11 17:58:00 | INFO | repo=Image-Galery | action=test | passed=true
2025-07-17 18:29:00 | DEBUG | repo=Image-Galery | action=edit | files=5
2025-02-10 20:11:00 | WARN | repo=Image-Galery | action=pull
2025-12-04 20:47:00 | WARN | repo=Image-Galery | action=commit
2025-03-06 09:25:00 | INFO | repo=Image-Galery | action=edit | files=1
2025-03-22 16:42:00 | WARN | repo=Image-Galery | action=commit
2025-06-10 18:22:00 | INFO | repo=Image-Galery | action=commit
2025-03-02 07:01:00 | DEBUG | repo=Image-Galery | action=pull
2025-05-21 08:51:00 | INFO | repo=Image-Galery | action=commit
2025-07-25 19:20:00 | DEBUG | repo=Image-Galery | action=edit | files=5
2025-01-08 11:56:00 | WARN | repo=Image-Galery | action=test | passed=true
2025-02-28 13:52:00 | DEBUG | repo=Image-Galery | action=edit | files=3
2025-07-08 17:05:00 | WARN | repo=Image-Galery | action=commit
2025-12-08 16:04:00 | WARN | repo=Image-Galery | action=commit
2025-10-11 08:14:00 | DEBUG | repo=Image-Galery | action=commit
2025-03-18 08:52:00 | INFO | repo=Image-Galery | action=commit
2025-10-15 12:39:00 | INFO | repo=Image-Galery | action=pull
2025-06-20 10:40:00 | DEBUG | repo=Image-Galery | action=commit
2025-09-16 18:50:00 | INFO | repo=Image-Galery | action=commit
2025-06-18 19:18:00 | INFO | repo=Image-Galery | action=edit | files=3
2025-11-17 21:17:00 | WARN | repo=Image-Galery | action=commit
2025-09-16 07:44:00 | DEBUG | repo=Image-Galery | action=edit | files=4
2025-08-08 13:37:00 | INFO | repo=Image-Galery | action=pull
2025-03-16 20:15:00 | INFO | repo=Image-Galery | action=commit
2025-11-28 08:02:00 | DEBUG | repo=Image-Galery | action=commit
2025-09-03 07:14:00 | WARN | repo=Image-Galery | action=edit | files=1
2025-02-12 10:52:00 | WARN | repo=Image-Galery | action=test | passed=true
2025-02-05 19:24:00 | DEBUG | repo=Image-Galery | action=commit
2025-07-23 11:25:00 | DEBUG | repo=Image-Galery | action=edit | files=1
2025-10-20 11:08:00 | DEBUG | repo=Image-Galery | action=test | passed=true
2025-02-28 08:22:00 | DEBUG | repo=Image-Galery | action=commit
2025-06-16 07:14:00 | INFO | repo=Image-Galery | action=edit | files=5
2025-02-05 10:51:00 | DEBUG | repo=Image-Galery | action=commit
2025-04-05 21:34:00 | WARN | repo=Image-Galery | action=commit
2025-06-28 13:17:00 | INFO | repo=Image-Galery | action=commit
2025-12-23 08:59:00 | WARN | repo=Image-Galery | action=commit
2025-06-22 14:50:00 | WARN | repo=Image-Galery | action=commit
2025-10-12 19:00:00 | DEBUG | repo=Image-Galery | action=commit
2025-10-13 11:36:00 | WARN | repo=Image-Galery | action=commit
2025-12-17 13:15:00 | WARN | repo=Image-Galery | action=commit
2025-05-04 18:59:00 | WARN | repo=Image-Galery | action=commit
2025-01-13T09:22:00 | nonce=11476543603079328195
2025-10-17T14:19:00 | nonce=14493002971337662787
2025-09-22T13:48:00 | nonce=14425062256893714721
2025-07-13T14:45:00 | nonce=4495141921639665216
2025-09-06T18:26:00 | nonce=10137371162479992824
2025-07-26T19:57:00 | nonce=15845736257007639824
2025-03-02T14:01:00 | nonce=10403233726023037149
2025-12-12T12:05:00 | nonce=18023010837142267312
2025-06-05T19:32:00 | nonce=5049556739422447114
2025-12-23T15:26:00 | nonce=13239992363526986974
2025-04-18T11:06:00 | nonce=4681093597201785469
2025-05-11T09:18:00 | nonce=4518827449256277976
2025-01-22T19:58:00 | nonce=17369060992844208711
2025-01-29T14:23:00 | nonce=815877588520499685
2025-03-26T20:28:00 | nonce=9245928773589070173
2025-07-03T17:47:00 | nonce=16733340224074557746
2025-08-15T17:18:00 | nonce=12823835601501444794
2025-10-26T09:10:00 | nonce=6949421704886557119
2025-12-15T12:44:00 | nonce=17103797141854965493
2025-12-16T12:49:00 | nonce=8430601126163740452
2025-12-30T12:06:00 | nonce=2091682590958787529
2025-12-31T11:26:00 | nonce=11543247337718601086
2025-12-16T13:35:00 | nonce=18281888035220466535
2024-05-02T10:56:00 | nonce=13222553774229721980
2025-01-15T09:46:00 | nonce=16059187725575962093
2025-02-18T20:00:00 | nonce=1407167413149975239
2024-04-09T14:32:00 | nonce=3742695539032459219
2024-05-19T09:26:00 | nonce=4095048492822708909
2025-07-01T11:57:00 | nonce=12065394254280967329
2024-10-12T09:19:00 | nonce=8983329659116731539
2024-07-11T16:51:00 | nonce=2926812333570414245
2025-10-15T15:06:00 | nonce=9875896744130386558
2024-01-27T15:26:00 | nonce=9867302398780427541
2024-03-03T11:29:00 | nonce=13183352037095615402
2024-03-09T12:07:00 | nonce=4519579725220583969
2024-05-22T14:28:00 | nonce=3038057952117664439
2024-08-07T16:40:00 | nonce=9364886332557826746
2024-10-26T18:39:00 | nonce=142729982406860735
2024-10-30T17:08:00 | nonce=5352620288943088241
2024-11-16T17:55:00 | nonce=3818506534443076977
2025-01-29T16:45:00 | nonce=10818625851251736027
2025-03-02T18:24:00 | nonce=15342268719858542519
2025-03-22T10:44:00 | nonce=10765800398981099480
2025-03-30T18:50:00 | nonce=10980773667570931009
2025-04-05T20:24:00 | nonce=9433269329384518481
2025-04-28T14:43:00 | nonce=130479261207725650
2025-06-23T16:42:00 | nonce=12633187743472845145
2025-07-25T09:06:00 | nonce=4551133566590408790
2025-08-16T18:50:00 | nonce=5262012187354065213
2025-08-24T18:26:00 | nonce=13910169438721820761
2025-10-23T14:49:00 | nonce=7447249037295835809
2025-08-07T16:20:00 | nonce=16403054238372740840
2025-09-19T14:41:00 | nonce=2822841231569446083
2025-02-19T18:16:00 | nonce=18068278624558302964
